This is pdfTeX, Version 3.141592653-2.6-1.40.22 (MiKTeX 21.2) (preloaded format=pdflatex 2021.6.5)  8 JUN 2021 12:17
entering extended mode
**./ref.tex
(ref.tex
LaTeX2e <2020-10-01> patch level 4
L3 programming layer <2021-02-18> xparse <2020-03-03>

! LaTeX Error: Environment thebibliography undefined.

See the LaTeX manual or LaTeX Companion for explanation.
Type  H <return>  for immediate help.
 ...                                              
                                                  
l.2 \begin{thebibliography}
                           {99}
Your command was ignored.
Type  I <command> <return>  to replace it with another command,
or  <return>  to continue without it.


! LaTeX Error: Missing \begin{document}.

See the LaTeX manual or LaTeX Companion for explanation.
Type  H <return>  for immediate help.
 ...                                              
                                                  
l.2 \begin{thebibliography}{9
                             9}
You're in trouble here.  Try typing  <return>  to proceed.
If that doesn't work, type  X <return>  to quit.

Missing character: There is no 9 in font nullfont!
Missing character: There is no 9 in font nullfont!

Overfull \hbox (20.0pt too wide) in paragraph at lines 2--3
[] 
 []


! LaTeX Error: Lonely \item--perhaps a missing list environment.

See the LaTeX manual or LaTeX Companion for explanation.
Type  H <return>  for immediate help.
 ...                                              
                                                  
l.3 \bibitem{WRITE A SHORT-NAME WITHOUT SPACE}
                                               \emph{IEEE spectrum ( May 200...

Try typing  <return>  to proceed.
If that doesn't work, type  X <return>  to quit.

! Undefined control sequence.
<argument> \@listctr 
                     
l.3 \bibitem{WRITE A SHORT-NAME WITHOUT SPACE}
                                               \emph{IEEE spectrum ( May 200...
The control sequence at the end of the top line
of your error message was never \def'ed. If you have
misspelled it (e.g., `\hobx'), type `I' and the correct
spelling (e.g., `I\hbox'). Otherwise just continue,
and I'll forget about whatever was undefined.

! You can't use `\relax' after \the.
<recently read> \c@ 
                    
l.3 \bibitem{WRITE A SHORT-NAME WITHOUT SPACE}
                                               \emph{IEEE spectrum ( May 200...
I'm forgetting what you said and using zero instead.

\bibcite{WRITE A SHORT-NAME WITHOUT SPACE}{0}

Overfull \hbox (24.20541pt too wide) in paragraph at lines 3--4
\OT1/cmr/m/it/10 IEEE
 []


Overfull \hbox (20.95537pt too wide) in paragraph at lines 3--4
\OT1/cmr/m/it/10 spec-
 []


Overfull \hbox (21.08319pt too wide) in paragraph at lines 3--4
\OT1/cmr/m/it/10 trum
 []


Overfull \hbox (4.08887pt too wide) in paragraph at lines 3--4
\OT1/cmr/m/it/10 (
 []


Overfull \hbox (18.93321pt too wide) in paragraph at lines 3--4
\OT1/cmr/m/it/10 May
 []


Overfull \hbox (27.59985pt too wide) in paragraph at lines 3--4
\OT1/cmr/m/it/10 2009),
 []


Overfull \hbox (13.03323pt too wide) in paragraph at lines 3--4
\OT1/cmr/m/it/10 the
 []


Overfull \hbox (15.33325pt too wide) in paragraph at lines 3--4
\OT1/cmr/m/it/10 555
 []


Overfull \hbox (15.84436pt too wide) in paragraph at lines 3--4
\OT1/cmr/m/it/10 was
 []


Overfull \hbox (12.26657pt too wide) in paragraph at lines 3--4
\OT1/cmr/m/it/10 se-
 []


Overfull \hbox (23.76645pt too wide) in paragraph at lines 3--4
\OT1/cmr/m/it/10 lected
 []


Overfull \hbox (9.19995pt too wide) in paragraph at lines 3--4
\OT1/cmr/m/it/10 as
 []


Overfull \hbox (15.33324pt too wide) in paragraph at lines 3--4
\OT1/cmr/m/it/10 one
 []


Overfull \hbox (8.17773pt too wide) in paragraph at lines 3--4
\OT1/cmr/m/it/10 of
 []


Overfull \hbox (18.17766pt too wide) in paragraph at lines 3--4
\OT1/cmr/m/it/10 the"
 []


Overfull \hbox (10.22217pt too wide) in paragraph at lines 3--4
\OT1/cmr/m/it/10 25
 []


Overfull \hbox (29.02756pt too wide) in paragraph at lines 3--4
\OT1/cmr/m/it/10 Micro-
 []


Overfull \hbox (21.97765pt too wide) in paragraph at lines 3--4
\OT1/cmr/m/it/10 chips
 []


Overfull \hbox (16.86655pt too wide) in paragraph at lines 3--4
\OT1/cmr/m/it/10 that
 []


Overfull \hbox (23.51096pt too wide) in paragraph at lines 3--4
\OT1/cmr/m/it/10 shook
 []


Overfull \hbox (13.03323pt too wide) in paragraph at lines 3--4
\OT1/cmr/m/it/10 the
 []


Overfull \hbox (31.84982pt too wide) in paragraph at lines 3--4
\OT1/cmr/m/it/10 world".
 []


! LaTeX Error: Lonely \item--perhaps a missing list environment.

See the LaTeX manual or LaTeX Companion for explanation.
Type  H <return>  for immediate help.
 ...                                              
                                                  
l.5 \bibitem{WRITE A SHORT-NAME WITHOUT SPACE}
                                               \url{https://www.arduino.cc/}
Try typing  <return>  to proceed.
If that doesn't work, type  X <return>  to quit.

! Undefined control sequence.
<argument> \@listctr 
                     
l.5 \bibitem{WRITE A SHORT-NAME WITHOUT SPACE}
                                               \url{https://www.arduino.cc/}
The control sequence at the end of the top line
of your error message was never \def'ed. If you have
misspelled it (e.g., `\hobx'), type `I' and the correct
spelling (e.g., `I\hbox'). Otherwise just continue,
and I'll forget about whatever was undefined.

! You can't use `\relax' after \the.
<recently read> \c@ 
                    
l.5 \bibitem{WRITE A SHORT-NAME WITHOUT SPACE}
                                               \url{https://www.arduino.cc/}
I'm forgetting what you said and using zero instead.

\bibcite{WRITE A SHORT-NAME WITHOUT SPACE}{0}
! Undefined control sequence.
l.5 ...item{WRITE A SHORT-NAME WITHOUT SPACE} \url
                                                  {https://www.arduino.cc/}
The control sequence at the end of the top line
of your error message was never \def'ed. If you have
misspelled it (e.g., `\hobx'), type `I' and the correct
spelling (e.g., `I\hbox'). Otherwise just continue,
and I'll forget about whatever was undefined.

Missing character: There is no h in font nullfont!
Missing character: There is no t in font nullfont!
Missing character: There is no t in font nullfont!
Missing character: There is no p in font nullfont!
Missing character: There is no s in font nullfont!
Missing character: There is no : in font nullfont!
Missing character: There is no / in font nullfont!
Missing character: There is no / in font nullfont!
Missing character: There is no w in font nullfont!
Missing character: There is no w in font nullfont!
Missing character: There is no w in font nullfont!
Missing character: There is no . in font nullfont!
Missing character: There is no a in font nullfont!
Missing character: There is no r in font nullfont!
Missing character: There is no d in font nullfont!
Missing character: There is no u in font nullfont!
Missing character: There is no i in font nullfont!
Missing character: There is no n in font nullfont!
Missing character: There is no o in font nullfont!
Missing character: There is no . in font nullfont!
Missing character: There is no c in font nullfont!
Missing character: There is no c in font nullfont!
Missing character: There is no / in font nullfont!

! LaTeX Error: \begin{document} ended by \end{thebibliography}.

See the LaTeX manual or LaTeX Companion for explanation.
Type  H <return>  for immediate help.
 ...                                              
                                                  
l.6 \end{thebibliography}
                         
Your command was ignored.
Type  I <command> <return>  to replace it with another command,
or  <return>  to continue without it.

)
! Emergency stop.
<*> ./ref.tex
             
*** (job aborted, no legal \end found)

 
Here is how much of TeX's memory you used:
 22 strings out of 479334
 445 string characters out of 2856610
 282611 words of memory out of 3000000
 17577 multiletter control sequences out of 15000+200000
 403776 words of font info for 28 fonts, out of 3000000 for 9000
 1141 hyphenation exceptions out of 8191
 14i,1n,15p,192b,72s stack positions out of 5000i,500n,10000p,200000b,50000s
!  ==> Fatal error occurred, no output PDF file produced!
