\BOOKMARK [0][-]{chapter.1}{\376\377\000I\000n\000t\000r\000o\000d\000u\000c\000t\000i\000o\000n}{}% 1
\BOOKMARK [1][-]{section.1.1}{\376\377\000W\000O\000R\000K\000I\000N\000G\000\040\000A\000N\000D\000\040\000I\000T\000S\000\040\000P\000R\000I\000N\000C\000I\000P\000L\000E}{chapter.1}% 2
\BOOKMARK [2][-]{subsection.1.1.1}{\376\377\000W\000O\000R\000K\000I\000N\000G}{section.1.1}% 3
\BOOKMARK [2][-]{subsection.1.1.2}{\376\377\000P\000R\000I\000N\000C\000I\000P\000L\000E}{section.1.1}% 4
\BOOKMARK [0][-]{chapter.2}{\376\377\000L\000i\000t\000e\000r\000a\000t\000u\000r\000e\000\040\000S\000u\000r\000v\000e\000y}{}% 5
\BOOKMARK [1][-]{section.2.1}{\376\377\000C\000o\000m\000p\000o\000n\000e\000n\000t}{chapter.2}% 6
\BOOKMARK [0][-]{chapter.3}{\376\377\000S\000o\000f\000t\000w\000a\000r\000e\000\040\000R\000e\000q\000u\000i\000r\000e\000m\000e\000n\000t\000s\000\040\000S\000p\000e\000c\000i\000f\000i\000c\000a\000t\000i\000o\000n}{}% 7
\BOOKMARK [1][-]{section.3.1}{\376\377\000\040\000A\000r\000d\000u\000i\000n\000o\000\040\000I\000D\000E}{chapter.3}% 8
\BOOKMARK [2][-]{subsection.3.1.1}{\376\377\000B\000a\000s\000i\000c\000\040\000I\000n\000f\000o\000r\000m\000a\000t\000i\000o\000n\000\040\000O\000f\000\040\000T\000h\000e\000\040\000A\000r\000d\000u\000i\000n\000o\000\040\000I\000D\000E}{section.3.1}% 9
\BOOKMARK [0][-]{chapter.4}{\376\377\000R\000e\000q\000u\000i\000r\000e\000m\000e\000n\000t\000\040\000A\000n\000a\000l\000y\000s\000i\000s}{}% 10
\BOOKMARK [1][-]{section.4.1}{\376\377\000A\000r\000d\000u\000n\000i\000o}{chapter.4}% 11
\BOOKMARK [1][-]{section.4.2}{\376\377\000L\000a\000z\000e\000r}{chapter.4}% 12
\BOOKMARK [1][-]{section.4.3}{\376\377\000G\000S\000M\000\040\000M\000o\000d\000u\000l\000e}{chapter.4}% 13
\BOOKMARK [1][-]{section.4.4}{\376\377\000L\000D\000R}{chapter.4}% 14
\BOOKMARK [1][-]{section.4.5}{\376\377\000B\000u\000z\000z\000e\000r}{chapter.4}% 15
\BOOKMARK [0][-]{chapter.5}{\376\377\000A\000r\000d\000u\000i\000n\000o\000\040\000C\000i\000c\000u\000i\000t\000\040\000D\000e\000s\000i\000g\000n}{}% 16
\BOOKMARK [1][-]{section.5.1}{\376\377\000E\000s\000t\000a\000b\000l\000i\000s\000h\000\040\000C\000o\000n\000n\000e\000c\000t\000i\000o\000n}{chapter.5}% 17
\BOOKMARK [0][-]{chapter.6}{\376\377\000A\000D\000V\000A\000N\000T\000A\000G\000E\000S\000\040\000A\000N\000D\000\040\000D\000I\000S\000A\000D\000V\000A\000N\000T\000A\000G\000E\000S}{}% 18
\BOOKMARK [1][-]{section.6.1}{\376\377\000A\000D\000V\000A\000N\000T\000A\000G\000E\000S\000:}{chapter.6}% 19
\BOOKMARK [1][-]{section.6.2}{\376\377\000D\000I\000S\000A\000D\000V\000A\000N\000T\000A\000G\000E\000S\000:}{chapter.6}% 20
\BOOKMARK [0][-]{chapter.7}{\376\377\000P\000r\000o\000g\000r\000a\000m}{}% 21
\BOOKMARK [0][-]{chapter.8}{\376\377\000S\000c\000r\000e\000e\000n\000s\000h\000o\000t\000s\000\040\000o\000f\000\040\000P\000r\000o\000j\000e\000c\000t}{}% 22
\BOOKMARK [1][-]{section.8.1}{\376\377\000W\000H\000E\000N\000\040\000P\000A\000S\000S\000W\000O\000R\000D\000\040\000E\000N\000T\000E\000R\000I\000N\000G}{chapter.8}% 23
\BOOKMARK [1][-]{section.8.2}{\376\377\000M\000o\000d\000e\000l\000\040\000I\000m\000a\000g\000e}{chapter.8}% 24
\BOOKMARK [0][-]{chapter.9}{\376\377\000C\000o\000n\000c\000l\000u\000s\000i\000o\000n\000\040\000a\000n\000d\000\040\000F\000u\000t\000u\000r\000e\000\040\000S\000c\000o\000p\000e}{}% 25
\BOOKMARK [1][-]{section.9.1}{\376\377\000C\000o\000n\000c\000l\000u\000s\000i\000o\000n}{chapter.9}% 26
\BOOKMARK [1][-]{section.9.2}{\376\377\000F\000u\000t\000u\000r\000e\000\040\000S\000c\000o\000p\000e}{chapter.9}% 27
\BOOKMARK [0][-]{section*.68}{\376\377\000R\000e\000f\000e\000r\000e\000n\000c\000e\000s}{}% 28
